<?xml version="1.0" encoding="UTF-8"?>
<!-- Generated by org.testng.reporters.JUnitReportReporter -->
<testsuite hostname="LAPTOP-5RRVIRMR" failures="0" tests="1" name="com.test.LoginTest" time="8.962" errors="0" timestamp="2023-03-18T19:39:03 IST" skipped="0">
  <testcase classname="com.test.LoginTest" name="verifySuccessfullLogin" time="8.962"/>
  <system-out/>
</testsuite> <!-- com.test.LoginTest -->
