<?xml version="1.0" encoding="UTF-8"?>
<!-- Generated by org.testng.reporters.JUnitReportReporter -->
<testsuite hostname="Dhanraj_kakde" failures="0" tests="1" name="com.test.CreateProjectTest" time="12.688" errors="0" timestamp="2023-03-19T23:53:23 IST" skipped="0">
  <testcase classname="com.test.CreateProjectTest" name="verifyProjectCreateSuccessfully" time="12.688"/>
  <system-out/>
</testsuite> <!-- com.test.CreateProjectTest -->
