<?xml version="1.0" encoding="UTF-8"?>
<!-- Generated by org.testng.reporters.JUnitReportReporter -->
<testsuite hostname="LAPTOP-5RRVIRMR" failures="0" tests="1" name="com.test.Demo_Script" time="31.640" errors="0" timestamp="2023-03-18T19:10:49 IST" skipped="0">
  <testcase classname="com.test.Demo_Script" name="createProject" time="31.640"/>
  <system-out/>
</testsuite> <!-- com.test.Demo_Script -->
